2026-01-24 17:31:27 [background-preinit] INFO  o.h.validator.internal.util.Version - HV000001: Hibernate Validator 8.0.1.Final
2026-01-24 17:31:27 [main] INFO  c.e.SmartSpent.SmartSpentApplication - Starting SmartSpentApplication using Java 21.0.9 with PID 30744 (/Users/lvchangyu/Desktop/happyshop-SmartSalary/target/classes started by lvchangyu in /Users/lvchangyu/Desktop/happyshop-SmartSalary)
2026-01-24 17:31:27 [main] INFO  c.e.SmartSpent.SmartSpentApplication - No active profile set, falling back to 1 default profile: "default"
2026-01-24 17:31:28 [main] INFO  o.s.d.r.c.RepositoryConfigurationDelegate - Bootstrapping Spring Data JPA repositories in DEFAULT mode.
2026-01-24 17:31:28 [main] INFO  o.s.d.r.c.RepositoryConfigurationDelegate - Finished Spring Data repository scanning in 22 ms. Found 5 JPA repository interfaces.
2026-01-24 17:31:28 [main] INFO  o.s.b.w.e.tomcat.TomcatWebServer - Tomcat initialized with port 8080 (http)
2026-01-24 17:31:28 [main] INFO  o.a.coyote.http11.Http11NioProtocol - Initializing ProtocolHandler ["http-nio-8080"]
2026-01-24 17:31:28 [main] INFO  o.a.catalina.core.StandardService - Starting service [Tomcat]
2026-01-24 17:31:28 [main] INFO  o.a.catalina.core.StandardEngine - Starting Servlet engine: [Apache Tomcat/10.1.25]
2026-01-24 17:31:28 [main] INFO  o.a.c.c.C.[Tomcat].[localhost].[/] - Initializing Spring embedded WebApplicationContext
2026-01-24 17:31:28 [main] INFO  o.s.b.w.s.c.ServletWebServerApplicationContext - Root WebApplicationContext: initialization completed in 622 ms
2026-01-24 17:31:28 [main] INFO  o.h.jpa.internal.util.LogHelper - HHH000204: Processing PersistenceUnitInfo [name: default]
2026-01-24 17:31:28 [main] INFO  org.hibernate.Version - HHH000412: Hibernate ORM core version 6.4.9.Final
2026-01-24 17:31:28 [main] INFO  o.h.c.i.RegionFactoryInitiator - HHH000026: Second-level cache disabled
2026-01-24 17:31:28 [main] INFO  o.s.o.j.p.SpringPersistenceUnitInfo - No LoadTimeWeaver setup: ignoring JPA class transformer
2026-01-24 17:31:28 [main] INFO  com.zaxxer.hikari.HikariDataSource - HikariPool-1 - Starting...
2026-01-24 17:31:28 [main] INFO  com.zaxxer.hikari.pool.HikariPool - HikariPool-1 - Added connection org.postgresql.jdbc.PgConnection@5ad50b02
2026-01-24 17:31:28 [main] INFO  com.zaxxer.hikari.HikariDataSource - HikariPool-1 - Start completed.
2026-01-24 17:31:28 [main] WARN  org.hibernate.orm.deprecation - HHH90000025: PostgreSQLDialect does not need to be specified explicitly using 'hibernate.dialect' (remove the property setting and it will be selected by default)
2026-01-24 17:31:29 [main] INFO  o.h.e.t.j.p.i.JtaPlatformInitiator - HHH000489: No JTA platform available (set 'hibernate.transaction.jta.platform' to enable JTA platform integration)
2026-01-24 17:31:29 [main] INFO  o.s.o.j.LocalContainerEntityManagerFactoryBean - Initialized JPA EntityManagerFactory for persistence unit 'default'
2026-01-24 17:31:29 [main] INFO  o.s.d.j.r.query.QueryEnhancerFactory - Hibernate is in classpath; If applicable, HQL parser will be used.
2026-01-24 17:31:29 [main] WARN  o.s.b.a.o.j.JpaBaseConfiguration$JpaWebConfiguration - spring.jpa.open-in-view is enabled by default. Therefore, database queries may be performed during view rendering. Explicitly configure spring.jpa.open-in-view to disable this warning
2026-01-24 17:31:29 [main] INFO  o.s.b.a.e.web.EndpointLinksResolver - Exposing 1 endpoint(s) beneath base path '/actuator'
2026-01-24 17:31:29 [main] INFO  o.a.coyote.http11.Http11NioProtocol - Starting ProtocolHandler ["http-nio-8080"]
2026-01-24 17:31:29 [main] INFO  o.s.b.w.e.tomcat.TomcatWebServer - Tomcat started on port 8080 (http) with context path ''
2026-01-24 17:31:29 [main] INFO  c.e.SmartSpent.SmartSpentApplication - Started SmartSpentApplication in 2.092 seconds (process running for 2.355)
2026-01-24 17:31:31 [RMI TCP Connection(2)-127.0.0.1] INFO  o.a.c.c.C.[Tomcat].[localhost].[/] - Initializing Spring DispatcherServlet 'dispatcherServlet'
2026-01-24 17:31:31 [RMI TCP Connection(2)-127.0.0.1] INFO  o.s.web.servlet.DispatcherServlet - Initializing Servlet 'dispatcherServlet'
2026-01-24 17:31:31 [RMI TCP Connection(2)-127.0.0.1] INFO  o.s.web.servlet.DispatcherServlet - Completed initialization in 0 ms
2026-01-24 17:31:40 [http-nio-8080-exec-2] INFO  c.e.S.i.security.RequestDebugFilter - 
[RID:b54f9753] >>> GET /happyshop/home
  time=2026-01-24T09:31:40.806277Z secure=false xfProto=null xfFor=null
  attr.loginUserId=null
  session.loginUserId=null
  cookie.remember.present=true len=43
  authByCookie=816266e2-eba6-4dab-8a47-0a3475a02572

2026-01-24 17:31:40 [http-nio-8080-exec-2] INFO  c.e.S.i.security.RequestDebugFilter - [RID:b54f9753] <<< GET /happyshop/home status=302 66ms

2026-01-24 17:31:40 [http-nio-8080-exec-1] INFO  c.e.S.i.security.RequestDebugFilter - 
[RID:aa892757] >>> GET /happyshop/result?month=2026-01
  time=2026-01-24T09:31:40.835804Z secure=false xfProto=null xfFor=null
  attr.loginUserId=null
  session.loginUserId=816266e2-eba6-4dab-8a47-0a3475a02572
  cookie.remember.present=true len=43
  authByCookie=816266e2-eba6-4dab-8a47-0a3475a02572

2026-01-24 17:31:40 [http-nio-8080-exec-1] INFO  c.e.S.i.security.RequestDebugFilter - [RID:aa892757] <<< GET /happyshop/result status=200 144ms

2026-01-24 17:31:43 [http-nio-8080-exec-4] INFO  c.e.S.i.security.RequestDebugFilter - 
[RID:3d3128c8] >>> GET /happyshop/result?month=2026-01
  time=2026-01-24T09:31:43.306704Z secure=false xfProto=null xfFor=null
  attr.loginUserId=null
  session.loginUserId=816266e2-eba6-4dab-8a47-0a3475a02572
  cookie.remember.present=true len=43
  authByCookie=816266e2-eba6-4dab-8a47-0a3475a02572

2026-01-24 17:31:43 [http-nio-8080-exec-4] INFO  c.e.S.i.security.RequestDebugFilter - [RID:3d3128c8] <<< GET /happyshop/result status=200 23ms

2026-01-24 17:31:44 [http-nio-8080-exec-3] INFO  c.e.S.i.security.RequestDebugFilter - 
[RID:48c711d7] >>> GET /happyshop/transactions?month=2026-01
  time=2026-01-24T09:31:44.909910Z secure=false xfProto=null xfFor=null
  attr.loginUserId=null
  session.loginUserId=816266e2-eba6-4dab-8a47-0a3475a02572
  cookie.remember.present=true len=43
  authByCookie=816266e2-eba6-4dab-8a47-0a3475a02572

2026-01-24 17:31:44 [http-nio-8080-exec-3] INFO  c.e.S.i.security.RequestDebugFilter - [RID:48c711d7] <<< GET /happyshop/transactions status=200 32ms

2026-01-24 17:31:44 [http-nio-8080-exec-5] INFO  c.e.S.i.security.RequestDebugFilter - 
[RID:a9664458] >>> GET /uploads/2026-01/20260124_tx_357a96c8-2cd6-475a-9b77-5880e8593a3f.jpg
  time=2026-01-24T09:31:44.942551Z secure=false xfProto=null xfFor=null
  attr.loginUserId=null
  session.loginUserId=816266e2-eba6-4dab-8a47-0a3475a02572
  cookie.remember.present=true len=43
  authByCookie=816266e2-eba6-4dab-8a47-0a3475a02572

2026-01-24 17:31:44 [http-nio-8080-exec-5] INFO  c.e.S.i.security.RequestDebugFilter - [RID:a9664458] <<< GET /uploads/2026-01/20260124_tx_357a96c8-2cd6-475a-9b77-5880e8593a3f.jpg status=304 5ms

2026-01-24 17:31:49 [http-nio-8080-exec-6] INFO  c.e.S.i.security.RequestDebugFilter - 
[RID:bcfd5d6d] >>> GET /happyshop/result?month=2026-01
  time=2026-01-24T09:31:49.367875Z secure=false xfProto=null xfFor=null
  attr.loginUserId=null
  session.loginUserId=816266e2-eba6-4dab-8a47-0a3475a02572
  cookie.remember.present=true len=43
  authByCookie=816266e2-eba6-4dab-8a47-0a3475a02572

2026-01-24 17:31:49 [http-nio-8080-exec-6] INFO  c.e.S.i.security.RequestDebugFilter - [RID:bcfd5d6d] <<< GET /happyshop/result status=200 22ms

