2026-01-22 15:05:26 [background-preinit] INFO  o.h.validator.internal.util.Version - HV000001: Hibernate Validator 8.0.1.Final
2026-01-22 15:05:26 [main] INFO  c.e.SmartSpent.SmartSpentApplication - Starting SmartSpentApplication using Java 21.0.9 with PID 84190 (/Users/lvchangyu/Desktop/happyshop-SmartSalary/target/classes started by lvchangyu in /Users/lvchangyu/Desktop/happyshop-SmartSalary)
2026-01-22 15:05:26 [main] INFO  c.e.SmartSpent.SmartSpentApplication - No active profile set, falling back to 1 default profile: "default"
2026-01-22 15:05:26 [main] INFO  o.s.d.r.c.RepositoryConfigurationDelegate - Bootstrapping Spring Data JPA repositories in DEFAULT mode.
2026-01-22 15:05:26 [main] INFO  o.s.d.r.c.RepositoryConfigurationDelegate - Finished Spring Data repository scanning in 21 ms. Found 5 JPA repository interfaces.
2026-01-22 15:05:26 [main] INFO  o.s.b.w.e.tomcat.TomcatWebServer - Tomcat initialized with port 8080 (http)
2026-01-22 15:05:26 [main] INFO  o.a.coyote.http11.Http11NioProtocol - Initializing ProtocolHandler ["http-nio-8080"]
2026-01-22 15:05:26 [main] INFO  o.a.catalina.core.StandardService - Starting service [Tomcat]
2026-01-22 15:05:26 [main] INFO  o.a.catalina.core.StandardEngine - Starting Servlet engine: [Apache Tomcat/10.1.25]
2026-01-22 15:05:26 [main] INFO  o.a.c.c.C.[Tomcat].[localhost].[/] - Initializing Spring embedded WebApplicationContext
2026-01-22 15:05:26 [main] INFO  o.s.b.w.s.c.ServletWebServerApplicationContext - Root WebApplicationContext: initialization completed in 621 ms
2026-01-22 15:05:26 [main] INFO  o.h.jpa.internal.util.LogHelper - HHH000204: Processing PersistenceUnitInfo [name: default]
2026-01-22 15:05:27 [main] INFO  org.hibernate.Version - HHH000412: Hibernate ORM core version 6.4.9.Final
2026-01-22 15:05:27 [main] INFO  o.h.c.i.RegionFactoryInitiator - HHH000026: Second-level cache disabled
2026-01-22 15:05:27 [main] INFO  o.s.o.j.p.SpringPersistenceUnitInfo - No LoadTimeWeaver setup: ignoring JPA class transformer
2026-01-22 15:05:27 [main] INFO  com.zaxxer.hikari.HikariDataSource - HikariPool-1 - Starting...
2026-01-22 15:05:27 [main] INFO  com.zaxxer.hikari.pool.HikariPool - HikariPool-1 - Added connection org.postgresql.jdbc.PgConnection@3dea1ecc
2026-01-22 15:05:27 [main] INFO  com.zaxxer.hikari.HikariDataSource - HikariPool-1 - Start completed.
2026-01-22 15:05:27 [main] WARN  org.hibernate.orm.deprecation - HHH90000025: PostgreSQLDialect does not need to be specified explicitly using 'hibernate.dialect' (remove the property setting and it will be selected by default)
2026-01-22 15:05:27 [main] INFO  o.h.e.t.j.p.i.JtaPlatformInitiator - HHH000489: No JTA platform available (set 'hibernate.transaction.jta.platform' to enable JTA platform integration)
2026-01-22 15:05:27 [main] INFO  o.s.o.j.LocalContainerEntityManagerFactoryBean - Initialized JPA EntityManagerFactory for persistence unit 'default'
2026-01-22 15:05:27 [main] INFO  o.s.d.j.r.query.QueryEnhancerFactory - Hibernate is in classpath; If applicable, HQL parser will be used.
2026-01-22 15:05:27 [main] WARN  o.s.b.a.o.j.JpaBaseConfiguration$JpaWebConfiguration - spring.jpa.open-in-view is enabled by default. Therefore, database queries may be performed during view rendering. Explicitly configure spring.jpa.open-in-view to disable this warning
2026-01-22 15:05:28 [main] INFO  o.s.b.a.e.web.EndpointLinksResolver - Exposing 1 endpoint(s) beneath base path '/actuator'
2026-01-22 15:05:28 [main] INFO  o.a.coyote.http11.Http11NioProtocol - Starting ProtocolHandler ["http-nio-8080"]
2026-01-22 15:05:28 [main] INFO  o.s.b.w.e.tomcat.TomcatWebServer - Tomcat started on port 8080 (http) with context path ''
2026-01-22 15:05:28 [main] INFO  c.e.SmartSpent.SmartSpentApplication - Started SmartSpentApplication in 2.068 seconds (process running for 2.311)
2026-01-22 15:05:29 [RMI TCP Connection(2)-127.0.0.1] INFO  o.a.c.c.C.[Tomcat].[localhost].[/] - Initializing Spring DispatcherServlet 'dispatcherServlet'
2026-01-22 15:05:29 [RMI TCP Connection(2)-127.0.0.1] INFO  o.s.web.servlet.DispatcherServlet - Initializing Servlet 'dispatcherServlet'
2026-01-22 15:05:29 [RMI TCP Connection(2)-127.0.0.1] INFO  o.s.web.servlet.DispatcherServlet - Completed initialization in 0 ms
2026-01-22 15:05:52 [http-nio-8080-exec-1] INFO  c.e.S.a.security.RequestDebugFilter - 
[RID:503b3a88] >>> GET /happyshop/home
  time=2026-01-22T07:05:52.208108Z secure=false xfProto=null xfFor=null
  attr.loginUserId=null
  session.loginUserId=null
  cookie.remember.present=false len=null
  authByCookie=null

2026-01-22 15:05:52 [http-nio-8080-exec-1] INFO  c.e.S.a.security.RequestDebugFilter - [RID:503b3a88] <<< GET /happyshop/home status=200 122ms

2026-01-22 15:05:52 [http-nio-8080-exec-2] INFO  c.e.S.a.security.RequestDebugFilter - 
[RID:6916945b] >>> GET /css/base.css
  time=2026-01-22T07:05:52.330443Z secure=false xfProto=null xfFor=null
  attr.loginUserId=null
  session.loginUserId=null
  cookie.remember.present=false len=null
  authByCookie=null

2026-01-22 15:05:52 [http-nio-8080-exec-3] INFO  c.e.S.a.security.RequestDebugFilter - 
[RID:37088046] >>> GET /css/navbar.css
  time=2026-01-22T07:05:52.332116Z secure=false xfProto=null xfFor=null
  attr.loginUserId=null
  session.loginUserId=null
  cookie.remember.present=false len=null
  authByCookie=null

2026-01-22 15:05:52 [http-nio-8080-exec-4] INFO  c.e.S.a.security.RequestDebugFilter - 
[RID:dfe0dfe5] >>> GET /css/home.css
  time=2026-01-22T07:05:52.332401Z secure=false xfProto=null xfFor=null
  attr.loginUserId=null
  session.loginUserId=null
  cookie.remember.present=false len=null
  authByCookie=null

2026-01-22 15:05:52 [http-nio-8080-exec-6] INFO  c.e.S.a.security.RequestDebugFilter - 
[RID:4168308e] >>> GET /css/month-picker.css
  time=2026-01-22T07:05:52.332651Z secure=false xfProto=null xfFor=null
  attr.loginUserId=null
  session.loginUserId=null
  cookie.remember.present=false len=null
  authByCookie=null

2026-01-22 15:05:52 [http-nio-8080-exec-5] INFO  c.e.S.a.security.RequestDebugFilter - 
[RID:99e5d0d1] >>> GET /css/month-bar.css
  time=2026-01-22T07:05:52.332786Z secure=false xfProto=null xfFor=null
  attr.loginUserId=null
  session.loginUserId=null
  cookie.remember.present=false len=null
  authByCookie=null

2026-01-22 15:05:52 [http-nio-8080-exec-7] INFO  c.e.S.a.security.RequestDebugFilter - 
[RID:4ddfce4f] >>> GET /js/month-picker.js
  time=2026-01-22T07:05:52.332989Z secure=false xfProto=null xfFor=null
  attr.loginUserId=null
  session.loginUserId=null
  cookie.remember.present=false len=null
  authByCookie=null

2026-01-22 15:05:52 [http-nio-8080-exec-2] INFO  c.e.S.a.security.RequestDebugFilter - [RID:6916945b] <<< GET /css/base.css status=304 3ms

2026-01-22 15:05:52 [http-nio-8080-exec-6] INFO  c.e.S.a.security.RequestDebugFilter - [RID:4168308e] <<< GET /css/month-picker.css status=304 1ms

2026-01-22 15:05:52 [http-nio-8080-exec-5] INFO  c.e.S.a.security.RequestDebugFilter - [RID:99e5d0d1] <<< GET /css/month-bar.css status=304 1ms

2026-01-22 15:05:52 [http-nio-8080-exec-3] INFO  c.e.S.a.security.RequestDebugFilter - [RID:37088046] <<< GET /css/navbar.css status=304 2ms

2026-01-22 15:05:52 [http-nio-8080-exec-7] INFO  c.e.S.a.security.RequestDebugFilter - [RID:4ddfce4f] <<< GET /js/month-picker.js status=304 1ms

2026-01-22 15:05:52 [http-nio-8080-exec-4] INFO  c.e.S.a.security.RequestDebugFilter - [RID:dfe0dfe5] <<< GET /css/home.css status=304 1ms

2026-01-22 15:05:52 [http-nio-8080-exec-8] INFO  c.e.S.a.security.RequestDebugFilter - 
[RID:a68f83a7] >>> GET /apple-touch-icon-precomposed.png
  time=2026-01-22T07:05:52.389768Z secure=false xfProto=null xfFor=null
  attr.loginUserId=null
  session.loginUserId=null
  cookie.remember.present=false len=null
  authByCookie=null

2026-01-22 15:05:52 [http-nio-8080-exec-9] INFO  c.e.S.a.security.RequestDebugFilter - 
[RID:0dec9380] >>> GET /apple-touch-icon-precomposed.png
  time=2026-01-22T07:05:52.390573Z secure=false xfProto=null xfFor=null
  attr.loginUserId=null
  session.loginUserId=null
  cookie.remember.present=false len=null
  authByCookie=null

2026-01-22 15:05:52 [http-nio-8080-exec-10] INFO  c.e.S.a.security.RequestDebugFilter - 
[RID:8aceef42] >>> GET /apple-touch-icon.png
  time=2026-01-22T07:05:52.392163Z secure=false xfProto=null xfFor=null
  attr.loginUserId=null
  session.loginUserId=null
  cookie.remember.present=false len=null
  authByCookie=null

2026-01-22 15:05:52 [http-nio-8080-exec-1] INFO  c.e.S.a.security.RequestDebugFilter - 
[RID:b1969930] >>> GET /favicon.ico
  time=2026-01-22T07:05:52.392434Z secure=false xfProto=null xfFor=null
  attr.loginUserId=null
  session.loginUserId=null
  cookie.remember.present=false len=null
  authByCookie=null

2026-01-22 15:05:52 [http-nio-8080-exec-8] INFO  c.e.S.a.security.RequestDebugFilter - [RID:a68f83a7] <<< GET /apple-touch-icon-precomposed.png status=404 5ms

2026-01-22 15:05:52 [http-nio-8080-exec-10] INFO  c.e.S.a.security.RequestDebugFilter - [RID:8aceef42] <<< GET /apple-touch-icon.png status=404 2ms

2026-01-22 15:05:52 [http-nio-8080-exec-1] INFO  c.e.S.a.security.RequestDebugFilter - [RID:b1969930] <<< GET /favicon.ico status=404 2ms

2026-01-22 15:05:52 [http-nio-8080-exec-9] INFO  c.e.S.a.security.RequestDebugFilter - [RID:0dec9380] <<< GET /apple-touch-icon-precomposed.png status=404 4ms

2026-01-22 15:05:52 [http-nio-8080-exec-3] INFO  c.e.S.a.security.RequestDebugFilter - 
[RID:e0ddaabc] >>> GET /apple-touch-icon.png
  time=2026-01-22T07:05:52.453632Z secure=false xfProto=null xfFor=null
  attr.loginUserId=null
  session.loginUserId=null
  cookie.remember.present=false len=null
  authByCookie=null

2026-01-22 15:05:52 [http-nio-8080-exec-3] INFO  c.e.S.a.security.RequestDebugFilter - [RID:e0ddaabc] <<< GET /apple-touch-icon.png status=404 1ms

2026-01-22 15:05:52 [http-nio-8080-exec-6] INFO  c.e.S.a.security.RequestDebugFilter - 
[RID:01c059e3] >>> GET /favicon.ico
  time=2026-01-22T07:05:52.498953Z secure=false xfProto=null xfFor=null
  attr.loginUserId=null
  session.loginUserId=null
  cookie.remember.present=false len=null
  authByCookie=null

2026-01-22 15:05:52 [http-nio-8080-exec-6] INFO  c.e.S.a.security.RequestDebugFilter - [RID:01c059e3] <<< GET /favicon.ico status=404 2ms

2026-01-22 15:05:54 [http-nio-8080-exec-5] INFO  c.e.S.a.security.RequestDebugFilter - 
[RID:a6fd4577] >>> GET /happyshop/login
  time=2026-01-22T07:05:54.964129Z secure=false xfProto=null xfFor=null
  attr.loginUserId=null
  session.loginUserId=null
  cookie.remember.present=false len=null
  authByCookie=null

2026-01-22 15:05:54 [http-nio-8080-exec-5] INFO  c.e.S.a.security.RequestDebugFilter - [RID:a6fd4577] <<< GET /happyshop/login status=200 7ms

2026-01-22 15:05:54 [http-nio-8080-exec-7] INFO  c.e.S.a.security.RequestDebugFilter - 
[RID:209cace9] >>> GET /css/auth.css
  time=2026-01-22T07:05:54.979944Z secure=false xfProto=null xfFor=null
  attr.loginUserId=null
  session.loginUserId=null
  cookie.remember.present=false len=null
  authByCookie=null

2026-01-22 15:05:54 [http-nio-8080-exec-7] INFO  c.e.S.a.security.RequestDebugFilter - [RID:209cace9] <<< GET /css/auth.css status=304 2ms

2026-01-22 15:05:59 [http-nio-8080-exec-2] INFO  c.e.S.a.security.RequestDebugFilter - 
[RID:d7a26e92] >>> POST /happyshop/login
  time=2026-01-22T07:05:59.357917Z secure=false xfProto=null xfFor=null
  attr.loginUserId=null
  session.loginUserId=null
  cookie.remember.present=false len=null
  authByCookie=null

2026-01-22 15:05:59 [http-nio-8080-exec-2] INFO  c.e.S.a.security.RequestDebugFilter - [RID:d7a26e92] <<< POST /happyshop/login status=302 145ms

2026-01-22 15:05:59 [http-nio-8080-exec-4] INFO  c.e.S.a.security.RequestDebugFilter - 
[RID:f22fe19e] >>> GET /happyshop/result
  time=2026-01-22T07:05:59.510646Z secure=false xfProto=null xfFor=null
  attr.loginUserId=null
  session.loginUserId=null
  cookie.remember.present=true len=43
  authByCookie=816266e2-eba6-4dab-8a47-0a3475a02572

2026-01-22 15:05:59 [http-nio-8080-exec-4] INFO  c.e.S.a.security.RequestDebugFilter - [RID:f22fe19e] <<< GET /happyshop/result status=200 53ms

2026-01-22 15:05:59 [http-nio-8080-exec-9] INFO  c.e.S.a.security.RequestDebugFilter - 
[RID:a0ceed37] >>> GET /css/base.css;jsessionid=15EBCEC4DB2E873ADECF89CAB1E035BF
  time=2026-01-22T07:05:59.901255Z secure=false xfProto=null xfFor=null
  attr.loginUserId=null
  session.loginUserId=816266e2-eba6-4dab-8a47-0a3475a02572
  cookie.remember.present=true len=43
  authByCookie=816266e2-eba6-4dab-8a47-0a3475a02572

2026-01-22 15:05:59 [http-nio-8080-exec-8] INFO  c.e.S.a.security.RequestDebugFilter - 
[RID:9baffa78] >>> GET /css/result.css;jsessionid=15EBCEC4DB2E873ADECF89CAB1E035BF
  time=2026-01-22T07:05:59.901745Z secure=false xfProto=null xfFor=null
  attr.loginUserId=null
  session.loginUserId=816266e2-eba6-4dab-8a47-0a3475a02572
  cookie.remember.present=true len=43
  authByCookie=816266e2-eba6-4dab-8a47-0a3475a02572

2026-01-22 15:05:59 [http-nio-8080-exec-10] INFO  c.e.S.a.security.RequestDebugFilter - 
[RID:d53ca5c1] >>> GET /css/month-bar.css;jsessionid=15EBCEC4DB2E873ADECF89CAB1E035BF
  time=2026-01-22T07:05:59.901775Z secure=false xfProto=null xfFor=null
  attr.loginUserId=null
  session.loginUserId=816266e2-eba6-4dab-8a47-0a3475a02572
  cookie.remember.present=true len=43
  authByCookie=816266e2-eba6-4dab-8a47-0a3475a02572

2026-01-22 15:05:59 [http-nio-8080-exec-1] INFO  c.e.S.a.security.RequestDebugFilter - 
[RID:f570360b] >>> GET /css/navbar.css;jsessionid=15EBCEC4DB2E873ADECF89CAB1E035BF
  time=2026-01-22T07:05:59.901797Z secure=false xfProto=null xfFor=null
  attr.loginUserId=null
  session.loginUserId=816266e2-eba6-4dab-8a47-0a3475a02572
  cookie.remember.present=true len=43
  authByCookie=816266e2-eba6-4dab-8a47-0a3475a02572

2026-01-22 15:05:59 [http-nio-8080-exec-3] INFO  c.e.S.a.security.RequestDebugFilter - 
[RID:1ed7a16d] >>> GET /css/month-picker.css;jsessionid=15EBCEC4DB2E873ADECF89CAB1E035BF
  time=2026-01-22T07:05:59.902342Z secure=false xfProto=null xfFor=null
  attr.loginUserId=null
  session.loginUserId=816266e2-eba6-4dab-8a47-0a3475a02572
  cookie.remember.present=true len=43
  authByCookie=816266e2-eba6-4dab-8a47-0a3475a02572

2026-01-22 15:05:59 [http-nio-8080-exec-3] INFO  c.e.S.a.security.RequestDebugFilter - [RID:1ed7a16d] <<< GET /css/month-picker.css;jsessionid=15EBCEC4DB2E873ADECF89CAB1E035BF status=200 4ms

2026-01-22 15:05:59 [http-nio-8080-exec-10] INFO  c.e.S.a.security.RequestDebugFilter - [RID:d53ca5c1] <<< GET /css/month-bar.css;jsessionid=15EBCEC4DB2E873ADECF89CAB1E035BF status=200 5ms

2026-01-22 15:05:59 [http-nio-8080-exec-9] INFO  c.e.S.a.security.RequestDebugFilter - [RID:a0ceed37] <<< GET /css/base.css;jsessionid=15EBCEC4DB2E873ADECF89CAB1E035BF status=200 5ms

2026-01-22 15:05:59 [http-nio-8080-exec-8] INFO  c.e.S.a.security.RequestDebugFilter - [RID:9baffa78] <<< GET /css/result.css;jsessionid=15EBCEC4DB2E873ADECF89CAB1E035BF status=200 4ms

2026-01-22 15:05:59 [http-nio-8080-exec-1] INFO  c.e.S.a.security.RequestDebugFilter - [RID:f570360b] <<< GET /css/navbar.css;jsessionid=15EBCEC4DB2E873ADECF89CAB1E035BF status=200 5ms

2026-01-22 15:05:59 [http-nio-8080-exec-6] INFO  c.e.S.a.security.RequestDebugFilter - 
[RID:b71ae1f8] >>> GET /apple-touch-icon-precomposed.png
  time=2026-01-22T07:05:59.937641Z secure=false xfProto=null xfFor=null
  attr.loginUserId=null
  session.loginUserId=null
  cookie.remember.present=false len=null
  authByCookie=null

2026-01-22 15:05:59 [http-nio-8080-exec-5] INFO  c.e.S.a.security.RequestDebugFilter - 
[RID:c7c18657] >>> GET /apple-touch-icon.png
  time=2026-01-22T07:05:59.937738Z secure=false xfProto=null xfFor=null
  attr.loginUserId=null
  session.loginUserId=null
  cookie.remember.present=false len=null
  authByCookie=null

2026-01-22 15:05:59 [http-nio-8080-exec-7] INFO  c.e.S.a.security.RequestDebugFilter - 
[RID:0913a27d] >>> GET /favicon.ico
  time=2026-01-22T07:05:59.938134Z secure=false xfProto=null xfFor=null
  attr.loginUserId=null
  session.loginUserId=null
  cookie.remember.present=false len=null
  authByCookie=null

2026-01-22 15:05:59 [http-nio-8080-exec-7] INFO  c.e.S.a.security.RequestDebugFilter - [RID:0913a27d] <<< GET /favicon.ico status=404 2ms

2026-01-22 15:05:59 [http-nio-8080-exec-6] INFO  c.e.S.a.security.RequestDebugFilter - [RID:b71ae1f8] <<< GET /apple-touch-icon-precomposed.png status=404 2ms

2026-01-22 15:05:59 [http-nio-8080-exec-5] INFO  c.e.S.a.security.RequestDebugFilter - [RID:c7c18657] <<< GET /apple-touch-icon.png status=404 2ms

