2026-01-21 18:56:00 [RMI TCP Connection(2)-127.0.0.1] INFO  o.a.c.c.C.[Tomcat].[localhost].[/] - Initializing Spring DispatcherServlet 'dispatcherServlet'
2026-01-21 18:56:00 [RMI TCP Connection(2)-127.0.0.1] INFO  o.s.web.servlet.DispatcherServlet - Initializing Servlet 'dispatcherServlet'
2026-01-21 18:56:00 [RMI TCP Connection(2)-127.0.0.1] INFO  o.s.web.servlet.DispatcherServlet - Completed initialization in 0 ms
2026-01-21 18:56:08 [http-nio-8080-exec-1] INFO  c.e.S.a.security.RequestDebugFilter - 
[RID:88164c8b] >>> POST /happyshop/transaction/update
  time=2026-01-21T10:56:08.752090Z secure=false xfProto=null xfFor=null
  attr.loginUserId=null
  session.loginUserId=null
  cookie.remember.present=true len=43
  authByCookie=816266e2-eba6-4dab-8a47-0a3475a02572

2026-01-21 18:56:11 [http-nio-8080-exec-2] INFO  c.e.S.a.security.RequestDebugFilter - 
[RID:3879b636] >>> GET /happyshop/transactions?month=2026-01
  time=2026-01-21T10:56:11.846921Z secure=false xfProto=null xfFor=null
  attr.loginUserId=null
  session.loginUserId=null
  cookie.remember.present=true len=43
  authByCookie=816266e2-eba6-4dab-8a47-0a3475a02572

2026-01-21 18:56:11 [http-nio-8080-exec-2] INFO  c.e.S.a.security.RequestDebugFilter - [RID:3879b636] <<< GET /happyshop/transactions status=200 145ms

2026-01-21 18:56:11 [http-nio-8080-exec-3] INFO  c.e.S.a.security.RequestDebugFilter - 
[RID:6b6d0ba7] >>> GET /css/transaction.css
  time=2026-01-21T10:56:11.987901Z secure=false xfProto=null xfFor=null
  attr.loginUserId=null
  session.loginUserId=816266e2-eba6-4dab-8a47-0a3475a02572
  cookie.remember.present=true len=43
  authByCookie=816266e2-eba6-4dab-8a47-0a3475a02572

2026-01-21 18:56:11 [http-nio-8080-exec-4] INFO  c.e.S.a.security.RequestDebugFilter - 
[RID:95b9504f] >>> GET /js/transaction-page.js
  time=2026-01-21T10:56:11.989486Z secure=false xfProto=null xfFor=null
  attr.loginUserId=null
  session.loginUserId=816266e2-eba6-4dab-8a47-0a3475a02572
  cookie.remember.present=true len=43
  authByCookie=816266e2-eba6-4dab-8a47-0a3475a02572

2026-01-21 18:56:11 [http-nio-8080-exec-4] INFO  c.e.S.a.security.RequestDebugFilter - [RID:95b9504f] <<< GET /js/transaction-page.js status=304 4ms

2026-01-21 18:56:11 [http-nio-8080-exec-3] INFO  c.e.S.a.security.RequestDebugFilter - [RID:6b6d0ba7] <<< GET /css/transaction.css status=304 4ms

2026-01-21 18:56:22 [http-nio-8080-exec-5] INFO  c.e.S.a.security.RequestDebugFilter - 
[RID:4028f25a] >>> POST /happyshop/transaction/update
  time=2026-01-21T10:56:22.000100Z secure=false xfProto=null xfFor=null
  attr.loginUserId=null
  session.loginUserId=816266e2-eba6-4dab-8a47-0a3475a02572
  cookie.remember.present=true len=43
  authByCookie=816266e2-eba6-4dab-8a47-0a3475a02572

2026-01-21 18:56:26 [http-nio-8080-exec-5] INFO  c.e.S.a.security.RequestDebugFilter - [RID:4028f25a] <<< POST /happyshop/transaction/update status=302 4366ms

2026-01-21 18:56:26 [http-nio-8080-exec-6] INFO  c.e.S.a.security.RequestDebugFilter - 
[RID:b2325971] >>> GET /happyshop/transactions?month=2026-01
  time=2026-01-21T10:56:26.365558Z secure=false xfProto=null xfFor=null
  attr.loginUserId=null
  session.loginUserId=816266e2-eba6-4dab-8a47-0a3475a02572
  cookie.remember.present=true len=43
  authByCookie=816266e2-eba6-4dab-8a47-0a3475a02572

2026-01-21 18:56:26 [http-nio-8080-exec-6] INFO  c.e.S.a.security.RequestDebugFilter - [RID:b2325971] <<< GET /happyshop/transactions status=200 11ms

2026-01-21 18:56:39 [http-nio-8080-exec-7] INFO  c.e.S.a.security.RequestDebugFilter - 
[RID:ded4e71f] >>> GET /happyshop/result?month=2026-01
  time=2026-01-21T10:56:39.306090Z secure=false xfProto=null xfFor=null
  attr.loginUserId=null
  session.loginUserId=816266e2-eba6-4dab-8a47-0a3475a02572
  cookie.remember.present=true len=43
  authByCookie=816266e2-eba6-4dab-8a47-0a3475a02572

2026-01-21 18:56:39 [http-nio-8080-exec-8] INFO  c.e.S.a.security.RequestDebugFilter - 
[RID:de505205] >>> GET /css/base.css
  time=2026-01-21T10:56:39.352781Z secure=false xfProto=null xfFor=null
  attr.loginUserId=null
  session.loginUserId=816266e2-eba6-4dab-8a47-0a3475a02572
  cookie.remember.present=true len=43
  authByCookie=816266e2-eba6-4dab-8a47-0a3475a02572

2026-01-21 18:56:39 [http-nio-8080-exec-9] INFO  c.e.S.a.security.RequestDebugFilter - 
[RID:16144da3] >>> GET /css/navbar.css
  time=2026-01-21T10:56:39.353276Z secure=false xfProto=null xfFor=null
  attr.loginUserId=null
  session.loginUserId=816266e2-eba6-4dab-8a47-0a3475a02572
  cookie.remember.present=true len=43
  authByCookie=816266e2-eba6-4dab-8a47-0a3475a02572

2026-01-21 18:56:39 [http-nio-8080-exec-3] INFO  c.e.S.a.security.RequestDebugFilter - 
[RID:ee74a8d0] >>> GET /css/month-picker.css
  time=2026-01-21T10:56:39.353442Z secure=false xfProto=null xfFor=null
  attr.loginUserId=null
  session.loginUserId=816266e2-eba6-4dab-8a47-0a3475a02572
  cookie.remember.present=true len=43
  authByCookie=816266e2-eba6-4dab-8a47-0a3475a02572

2026-01-21 18:56:39 [http-nio-8080-exec-10] INFO  c.e.S.a.security.RequestDebugFilter - 
[RID:ee7cec89] >>> GET /css/month-bar.css
  time=2026-01-21T10:56:39.353538Z secure=false xfProto=null xfFor=null
  attr.loginUserId=null
  session.loginUserId=816266e2-eba6-4dab-8a47-0a3475a02572
  cookie.remember.present=true len=43
  authByCookie=816266e2-eba6-4dab-8a47-0a3475a02572

2026-01-21 18:56:39 [http-nio-8080-exec-8] INFO  c.e.S.a.security.RequestDebugFilter - [RID:de505205] <<< GET /css/base.css status=304 5ms

2026-01-21 18:56:39 [http-nio-8080-exec-2] INFO  c.e.S.a.security.RequestDebugFilter - 
[RID:9306c800] >>> GET /css/result.css
  time=2026-01-21T10:56:39.354398Z secure=false xfProto=null xfFor=null
  attr.loginUserId=null
  session.loginUserId=816266e2-eba6-4dab-8a47-0a3475a02572
  cookie.remember.present=true len=43
  authByCookie=816266e2-eba6-4dab-8a47-0a3475a02572

2026-01-21 18:56:39 [http-nio-8080-exec-3] INFO  c.e.S.a.security.RequestDebugFilter - [RID:ee74a8d0] <<< GET /css/month-picker.css status=304 4ms

2026-01-21 18:56:39 [http-nio-8080-exec-9] INFO  c.e.S.a.security.RequestDebugFilter - [RID:16144da3] <<< GET /css/navbar.css status=304 5ms

2026-01-21 18:56:39 [http-nio-8080-exec-7] INFO  c.e.S.a.security.RequestDebugFilter - [RID:ded4e71f] <<< GET /happyshop/result status=200 53ms

2026-01-21 18:56:39 [http-nio-8080-exec-10] INFO  c.e.S.a.security.RequestDebugFilter - [RID:ee7cec89] <<< GET /css/month-bar.css status=304 5ms

2026-01-21 18:56:39 [http-nio-8080-exec-2] INFO  c.e.S.a.security.RequestDebugFilter - [RID:9306c800] <<< GET /css/result.css status=304 5ms

2026-01-21 18:56:39 [http-nio-8080-exec-4] INFO  c.e.S.a.security.RequestDebugFilter - 
[RID:794f8579] >>> GET /js/month-picker.js
  time=2026-01-21T10:56:39.357270Z secure=false xfProto=null xfFor=null
  attr.loginUserId=null
  session.loginUserId=816266e2-eba6-4dab-8a47-0a3475a02572
  cookie.remember.present=true len=43
  authByCookie=816266e2-eba6-4dab-8a47-0a3475a02572

2026-01-21 18:56:39 [http-nio-8080-exec-4] INFO  c.e.S.a.security.RequestDebugFilter - [RID:794f8579] <<< GET /js/month-picker.js status=304 3ms

