2026-01-25 14:38:01 [background-preinit] INFO  o.h.validator.internal.util.Version - HV000001: Hibernate Validator 8.0.1.Final
2026-01-25 14:38:01 [main] INFO  c.e.SmartSpent.SmartSpentApplication - Starting SmartSpentApplication using Java 21.0.9 with PID 4853 (/Users/lvchangyu/Desktop/happyshop-SmartSalary/target/classes started by lvchangyu in /Users/lvchangyu/Desktop/happyshop-SmartSalary)
2026-01-25 14:38:01 [main] INFO  c.e.SmartSpent.SmartSpentApplication - No active profile set, falling back to 1 default profile: "default"
2026-01-25 14:38:01 [main] INFO  o.s.d.r.c.RepositoryConfigurationDelegate - Bootstrapping Spring Data JPA repositories in DEFAULT mode.
2026-01-25 14:38:01 [main] INFO  o.s.d.r.c.RepositoryConfigurationDelegate - Finished Spring Data repository scanning in 23 ms. Found 5 JPA repository interfaces.
2026-01-25 14:38:01 [main] INFO  o.s.b.w.e.tomcat.TomcatWebServer - Tomcat initialized with port 8080 (http)
2026-01-25 14:38:01 [main] INFO  o.a.coyote.http11.Http11NioProtocol - Initializing ProtocolHandler ["http-nio-8080"]
2026-01-25 14:38:01 [main] INFO  o.a.catalina.core.StandardService - Starting service [Tomcat]
2026-01-25 14:38:01 [main] INFO  o.a.catalina.core.StandardEngine - Starting Servlet engine: [Apache Tomcat/10.1.25]
2026-01-25 14:38:01 [main] INFO  o.a.c.c.C.[Tomcat].[localhost].[/] - Initializing Spring embedded WebApplicationContext
2026-01-25 14:38:01 [main] INFO  o.s.b.w.s.c.ServletWebServerApplicationContext - Root WebApplicationContext: initialization completed in 665 ms
2026-01-25 14:38:02 [main] INFO  o.h.jpa.internal.util.LogHelper - HHH000204: Processing PersistenceUnitInfo [name: default]
2026-01-25 14:38:02 [main] INFO  org.hibernate.Version - HHH000412: Hibernate ORM core version 6.4.9.Final
2026-01-25 14:38:02 [main] INFO  o.h.c.i.RegionFactoryInitiator - HHH000026: Second-level cache disabled
2026-01-25 14:38:02 [main] INFO  o.s.o.j.p.SpringPersistenceUnitInfo - No LoadTimeWeaver setup: ignoring JPA class transformer
2026-01-25 14:38:02 [main] INFO  com.zaxxer.hikari.HikariDataSource - HikariPool-1 - Starting...
2026-01-25 14:38:02 [main] INFO  com.zaxxer.hikari.pool.HikariPool - HikariPool-1 - Added connection org.postgresql.jdbc.PgConnection@3beaa16d
2026-01-25 14:38:02 [main] INFO  com.zaxxer.hikari.HikariDataSource - HikariPool-1 - Start completed.
2026-01-25 14:38:02 [main] WARN  org.hibernate.orm.deprecation - HHH90000025: PostgreSQLDialect does not need to be specified explicitly using 'hibernate.dialect' (remove the property setting and it will be selected by default)
2026-01-25 14:38:02 [main] INFO  o.h.e.t.j.p.i.JtaPlatformInitiator - HHH000489: No JTA platform available (set 'hibernate.transaction.jta.platform' to enable JTA platform integration)
2026-01-25 14:38:02 [main] INFO  o.s.o.j.LocalContainerEntityManagerFactoryBean - Initialized JPA EntityManagerFactory for persistence unit 'default'
2026-01-25 14:38:02 [main] INFO  o.s.d.j.r.query.QueryEnhancerFactory - Hibernate is in classpath; If applicable, HQL parser will be used.
2026-01-25 14:38:03 [main] WARN  o.s.b.a.o.j.JpaBaseConfiguration$JpaWebConfiguration - spring.jpa.open-in-view is enabled by default. Therefore, database queries may be performed during view rendering. Explicitly configure spring.jpa.open-in-view to disable this warning
2026-01-25 14:38:03 [main] INFO  o.s.b.a.e.web.EndpointLinksResolver - Exposing 1 endpoint(s) beneath base path '/actuator'
2026-01-25 14:38:03 [main] INFO  o.a.coyote.http11.Http11NioProtocol - Starting ProtocolHandler ["http-nio-8080"]
2026-01-25 14:38:03 [main] INFO  o.s.b.w.e.tomcat.TomcatWebServer - Tomcat started on port 8080 (http) with context path ''
2026-01-25 14:38:03 [main] INFO  c.e.SmartSpent.SmartSpentApplication - Started SmartSpentApplication in 2.319 seconds (process running for 2.742)
2026-01-25 14:38:04 [RMI TCP Connection(2)-127.0.0.1] INFO  o.a.c.c.C.[Tomcat].[localhost].[/] - Initializing Spring DispatcherServlet 'dispatcherServlet'
2026-01-25 14:38:04 [RMI TCP Connection(2)-127.0.0.1] INFO  o.s.web.servlet.DispatcherServlet - Initializing Servlet 'dispatcherServlet'
2026-01-25 14:38:04 [RMI TCP Connection(2)-127.0.0.1] INFO  o.s.web.servlet.DispatcherServlet - Completed initialization in 1 ms
2026-01-25 14:38:25 [http-nio-8080-exec-1] INFO  c.e.S.i.security.RequestDebugFilter - 
[RID:e0eeec29] >>> GET /happyshop/home
  time=2026-01-25T06:38:25.265783Z secure=false xfProto=null xfFor=null
  attr.loginUserId=null
  session.loginUserId=null
  cookie.remember.present=false len=null
  authByCookie=null

2026-01-25 14:38:25 [http-nio-8080-exec-1] INFO  c.e.S.i.security.RequestDebugFilter - [RID:e0eeec29] <<< GET /happyshop/home status=200 132ms

2026-01-25 14:38:25 [http-nio-8080-exec-2] INFO  c.e.S.i.security.RequestDebugFilter - 
[RID:0920a892] >>> GET /css/base.css
  time=2026-01-25T06:38:25.397797Z secure=false xfProto=null xfFor=null
  attr.loginUserId=null
  session.loginUserId=null
  cookie.remember.present=false len=null
  authByCookie=null

2026-01-25 14:38:25 [http-nio-8080-exec-3] INFO  c.e.S.i.security.RequestDebugFilter - 
[RID:68a8cb43] >>> GET /css/navbar.css
  time=2026-01-25T06:38:25.399171Z secure=false xfProto=null xfFor=null
  attr.loginUserId=null
  session.loginUserId=null
  cookie.remember.present=false len=null
  authByCookie=null

2026-01-25 14:38:25 [http-nio-8080-exec-5] INFO  c.e.S.i.security.RequestDebugFilter - 
[RID:62a0cb5d] >>> GET /css/home.css
  time=2026-01-25T06:38:25.399417Z secure=false xfProto=null xfFor=null
  attr.loginUserId=null
  session.loginUserId=null
  cookie.remember.present=false len=null
  authByCookie=null

2026-01-25 14:38:25 [http-nio-8080-exec-7] INFO  c.e.S.i.security.RequestDebugFilter - 
[RID:0245aa85] >>> GET /js/month-picker.js
  time=2026-01-25T06:38:25.399559Z secure=false xfProto=null xfFor=null
  attr.loginUserId=null
  session.loginUserId=null
  cookie.remember.present=false len=null
  authByCookie=null

2026-01-25 14:38:25 [http-nio-8080-exec-6] INFO  c.e.S.i.security.RequestDebugFilter - 
[RID:5adb8bc0] >>> GET /css/month-bar.css
  time=2026-01-25T06:38:25.399659Z secure=false xfProto=null xfFor=null
  attr.loginUserId=null
  session.loginUserId=null
  cookie.remember.present=false len=null
  authByCookie=null

2026-01-25 14:38:25 [http-nio-8080-exec-4] INFO  c.e.S.i.security.RequestDebugFilter - 
[RID:dd1d4967] >>> GET /css/month-picker.css
  time=2026-01-25T06:38:25.399843Z secure=false xfProto=null xfFor=null
  attr.loginUserId=null
  session.loginUserId=null
  cookie.remember.present=false len=null
  authByCookie=null

2026-01-25 14:38:25 [http-nio-8080-exec-4] INFO  c.e.S.i.security.RequestDebugFilter - [RID:dd1d4967] <<< GET /css/month-picker.css status=200 6ms

2026-01-25 14:38:25 [http-nio-8080-exec-7] INFO  c.e.S.i.security.RequestDebugFilter - [RID:0245aa85] <<< GET /js/month-picker.js status=200 6ms

2026-01-25 14:38:25 [http-nio-8080-exec-5] INFO  c.e.S.i.security.RequestDebugFilter - [RID:62a0cb5d] <<< GET /css/home.css status=200 6ms

2026-01-25 14:38:25 [http-nio-8080-exec-6] INFO  c.e.S.i.security.RequestDebugFilter - [RID:5adb8bc0] <<< GET /css/month-bar.css status=200 6ms

2026-01-25 14:38:25 [http-nio-8080-exec-3] INFO  c.e.S.i.security.RequestDebugFilter - [RID:68a8cb43] <<< GET /css/navbar.css status=200 7ms

2026-01-25 14:38:25 [http-nio-8080-exec-2] INFO  c.e.S.i.security.RequestDebugFilter - [RID:0920a892] <<< GET /css/base.css status=200 8ms

2026-01-25 14:38:25 [http-nio-8080-exec-8] INFO  c.e.S.i.security.RequestDebugFilter - 
[RID:a95581fe] >>> GET /favicon.ico
  time=2026-01-25T06:38:25.448194Z secure=false xfProto=null xfFor=null
  attr.loginUserId=null
  session.loginUserId=null
  cookie.remember.present=false len=null
  authByCookie=null

2026-01-25 14:38:25 [http-nio-8080-exec-8] INFO  c.e.S.i.security.RequestDebugFilter - [RID:a95581fe] <<< GET /favicon.ico status=404 3ms

2026-01-25 14:38:25 [http-nio-8080-exec-9] INFO  c.e.S.i.security.RequestDebugFilter - 
[RID:dc644396] >>> GET /apple-touch-icon-precomposed.png
  time=2026-01-25T06:38:25.462891Z secure=false xfProto=null xfFor=null
  attr.loginUserId=null
  session.loginUserId=null
  cookie.remember.present=false len=null
  authByCookie=null

2026-01-25 14:38:25 [http-nio-8080-exec-10] INFO  c.e.S.i.security.RequestDebugFilter - 
[RID:f7c7a57d] >>> GET /apple-touch-icon.png
  time=2026-01-25T06:38:25.463843Z secure=false xfProto=null xfFor=null
  attr.loginUserId=null
  session.loginUserId=null
  cookie.remember.present=false len=null
  authByCookie=null

2026-01-25 14:38:25 [http-nio-8080-exec-1] INFO  c.e.S.i.security.RequestDebugFilter - 
[RID:18a4b512] >>> GET /favicon.ico
  time=2026-01-25T06:38:25.464249Z secure=false xfProto=null xfFor=null
  attr.loginUserId=null
  session.loginUserId=null
  cookie.remember.present=false len=null
  authByCookie=null

2026-01-25 14:38:25 [http-nio-8080-exec-9] INFO  c.e.S.i.security.RequestDebugFilter - [RID:dc644396] <<< GET /apple-touch-icon-precomposed.png status=404 2ms

2026-01-25 14:38:25 [http-nio-8080-exec-10] INFO  c.e.S.i.security.RequestDebugFilter - [RID:f7c7a57d] <<< GET /apple-touch-icon.png status=404 2ms

2026-01-25 14:38:25 [http-nio-8080-exec-1] INFO  c.e.S.i.security.RequestDebugFilter - [RID:18a4b512] <<< GET /favicon.ico status=404 1ms

2026-01-25 14:38:26 [http-nio-8080-exec-4] INFO  c.e.S.i.security.RequestDebugFilter - 
[RID:6ce7a1df] >>> GET /happyshop/login
  time=2026-01-25T06:38:26.579614Z secure=false xfProto=null xfFor=null
  attr.loginUserId=null
  session.loginUserId=null
  cookie.remember.present=false len=null
  authByCookie=null

2026-01-25 14:38:26 [http-nio-8080-exec-4] INFO  c.e.S.i.security.RequestDebugFilter - [RID:6ce7a1df] <<< GET /happyshop/login status=200 9ms

2026-01-25 14:38:26 [http-nio-8080-exec-5] INFO  c.e.S.i.security.RequestDebugFilter - 
[RID:91a9d1c1] >>> GET /css/result.css
  time=2026-01-25T06:38:26.588572Z secure=false xfProto=null xfFor=null
  attr.loginUserId=null
  session.loginUserId=null
  cookie.remember.present=false len=null
  authByCookie=null

2026-01-25 14:38:26 [http-nio-8080-exec-5] INFO  c.e.S.i.security.RequestDebugFilter - [RID:91a9d1c1] <<< GET /css/result.css status=200 2ms

2026-01-25 14:38:26 [http-nio-8080-exec-6] INFO  c.e.S.i.security.RequestDebugFilter - 
[RID:4d237f28] >>> GET /css/auth.css
  time=2026-01-25T06:38:26.597562Z secure=false xfProto=null xfFor=null
  attr.loginUserId=null
  session.loginUserId=null
  cookie.remember.present=false len=null
  authByCookie=null

2026-01-25 14:38:26 [http-nio-8080-exec-6] INFO  c.e.S.i.security.RequestDebugFilter - [RID:4d237f28] <<< GET /css/auth.css status=200 1ms

2026-01-25 14:38:28 [http-nio-8080-exec-7] INFO  c.e.S.i.security.RequestDebugFilter - 
[RID:494089b9] >>> POST /happyshop/login
  time=2026-01-25T06:38:28.861064Z secure=false xfProto=null xfFor=null
  attr.loginUserId=null
  session.loginUserId=null
  cookie.remember.present=false len=null
  authByCookie=null

2026-01-25 14:38:28 [http-nio-8080-exec-7] INFO  c.e.S.i.security.RequestDebugFilter - [RID:494089b9] <<< POST /happyshop/login status=200 60ms

2026-01-25 14:38:35 [http-nio-8080-exec-3] INFO  c.e.S.i.security.RequestDebugFilter - 
[RID:6de6a99c] >>> POST /happyshop/login
  time=2026-01-25T06:38:35.626783Z secure=false xfProto=null xfFor=null
  attr.loginUserId=null
  session.loginUserId=null
  cookie.remember.present=false len=null
  authByCookie=null

2026-01-25 14:38:35 [http-nio-8080-exec-3] INFO  c.e.S.i.security.RequestDebugFilter - [RID:6de6a99c] <<< POST /happyshop/login status=302 121ms

2026-01-25 14:38:35 [http-nio-8080-exec-2] INFO  c.e.S.i.security.RequestDebugFilter - 
[RID:dabfd793] >>> GET /happyshop/result
  time=2026-01-25T06:38:35.757556Z secure=false xfProto=null xfFor=null
  attr.loginUserId=null
  session.loginUserId=null
  cookie.remember.present=true len=43
  authByCookie=816266e2-eba6-4dab-8a47-0a3475a02572

2026-01-25 14:38:35 [http-nio-8080-exec-2] INFO  c.e.S.i.security.RequestDebugFilter - [RID:dabfd793] <<< GET /happyshop/result status=200 55ms

2026-01-25 14:38:35 [http-nio-8080-exec-8] INFO  c.e.S.i.security.RequestDebugFilter - 
[RID:e88acd93] >>> GET /css/base.css;jsessionid=5AC1419C0879FF9FAF8539740977E05E
  time=2026-01-25T06:38:35.819756Z secure=false xfProto=null xfFor=null
  attr.loginUserId=null
  session.loginUserId=816266e2-eba6-4dab-8a47-0a3475a02572
  cookie.remember.present=true len=43
  authByCookie=816266e2-eba6-4dab-8a47-0a3475a02572

2026-01-25 14:38:35 [http-nio-8080-exec-9] INFO  c.e.S.i.security.RequestDebugFilter - 
[RID:823ff099] >>> GET /css/navbar.css;jsessionid=5AC1419C0879FF9FAF8539740977E05E
  time=2026-01-25T06:38:35.820825Z secure=false xfProto=null xfFor=null
  attr.loginUserId=null
  session.loginUserId=816266e2-eba6-4dab-8a47-0a3475a02572
  cookie.remember.present=true len=43
  authByCookie=816266e2-eba6-4dab-8a47-0a3475a02572

2026-01-25 14:38:35 [http-nio-8080-exec-10] INFO  c.e.S.i.security.RequestDebugFilter - 
[RID:9e368d58] >>> GET /css/month-bar.css;jsessionid=5AC1419C0879FF9FAF8539740977E05E
  time=2026-01-25T06:38:35.820960Z secure=false xfProto=null xfFor=null
  attr.loginUserId=null
  session.loginUserId=816266e2-eba6-4dab-8a47-0a3475a02572
  cookie.remember.present=true len=43
  authByCookie=816266e2-eba6-4dab-8a47-0a3475a02572

2026-01-25 14:38:35 [http-nio-8080-exec-8] INFO  c.e.S.i.security.RequestDebugFilter - [RID:e88acd93] <<< GET /css/base.css;jsessionid=5AC1419C0879FF9FAF8539740977E05E status=200 5ms

2026-01-25 14:38:35 [http-nio-8080-exec-4] INFO  c.e.S.i.security.RequestDebugFilter - 
[RID:fa8a02ae] >>> GET /css/month-picker.css;jsessionid=5AC1419C0879FF9FAF8539740977E05E
  time=2026-01-25T06:38:35.821879Z secure=false xfProto=null xfFor=null
  attr.loginUserId=null
  session.loginUserId=816266e2-eba6-4dab-8a47-0a3475a02572
  cookie.remember.present=true len=43
  authByCookie=816266e2-eba6-4dab-8a47-0a3475a02572

2026-01-25 14:38:35 [http-nio-8080-exec-1] INFO  c.e.S.i.security.RequestDebugFilter - 
[RID:e328e7b1] >>> GET /css/result.css;jsessionid=5AC1419C0879FF9FAF8539740977E05E
  time=2026-01-25T06:38:35.821944Z secure=false xfProto=null xfFor=null
  attr.loginUserId=null
  session.loginUserId=816266e2-eba6-4dab-8a47-0a3475a02572
  cookie.remember.present=true len=43
  authByCookie=816266e2-eba6-4dab-8a47-0a3475a02572

2026-01-25 14:38:35 [http-nio-8080-exec-10] INFO  c.e.S.i.security.RequestDebugFilter - [RID:9e368d58] <<< GET /css/month-bar.css;jsessionid=5AC1419C0879FF9FAF8539740977E05E status=200 5ms

2026-01-25 14:38:35 [http-nio-8080-exec-9] INFO  c.e.S.i.security.RequestDebugFilter - [RID:823ff099] <<< GET /css/navbar.css;jsessionid=5AC1419C0879FF9FAF8539740977E05E status=200 6ms

2026-01-25 14:38:35 [http-nio-8080-exec-1] INFO  c.e.S.i.security.RequestDebugFilter - [RID:e328e7b1] <<< GET /css/result.css;jsessionid=5AC1419C0879FF9FAF8539740977E05E status=200 5ms

2026-01-25 14:38:35 [http-nio-8080-exec-4] INFO  c.e.S.i.security.RequestDebugFilter - [RID:fa8a02ae] <<< GET /css/month-picker.css;jsessionid=5AC1419C0879FF9FAF8539740977E05E status=200 6ms

2026-01-25 14:38:35 [http-nio-8080-exec-5] INFO  c.e.S.i.security.RequestDebugFilter - 
[RID:2d9ffb47] >>> GET /apple-touch-icon-precomposed.png
  time=2026-01-25T06:38:35.859208Z secure=false xfProto=null xfFor=null
  attr.loginUserId=null
  session.loginUserId=null
  cookie.remember.present=false len=null
  authByCookie=null

2026-01-25 14:38:35 [http-nio-8080-exec-6] INFO  c.e.S.i.security.RequestDebugFilter - 
[RID:0227e599] >>> GET /apple-touch-icon.png
  time=2026-01-25T06:38:35.859275Z secure=false xfProto=null xfFor=null
  attr.loginUserId=null
  session.loginUserId=null
  cookie.remember.present=false len=null
  authByCookie=null

2026-01-25 14:38:35 [http-nio-8080-exec-7] INFO  c.e.S.i.security.RequestDebugFilter - 
[RID:38931e8e] >>> GET /favicon.ico
  time=2026-01-25T06:38:35.859326Z secure=false xfProto=null xfFor=null
  attr.loginUserId=null
  session.loginUserId=null
  cookie.remember.present=false len=null
  authByCookie=null

2026-01-25 14:38:35 [http-nio-8080-exec-5] INFO  c.e.S.i.security.RequestDebugFilter - [RID:2d9ffb47] <<< GET /apple-touch-icon-precomposed.png status=404 2ms

2026-01-25 14:38:35 [http-nio-8080-exec-7] INFO  c.e.S.i.security.RequestDebugFilter - [RID:38931e8e] <<< GET /favicon.ico status=404 1ms

2026-01-25 14:38:35 [http-nio-8080-exec-6] INFO  c.e.S.i.security.RequestDebugFilter - [RID:0227e599] <<< GET /apple-touch-icon.png status=404 2ms

2026-01-25 14:38:43 [http-nio-8080-exec-3] INFO  c.e.S.i.security.RequestDebugFilter - 
[RID:1b229653] >>> POST /happyshop/transaction/add;jsessionid=5AC1419C0879FF9FAF8539740977E05E?month=2026-01
  time=2026-01-25T06:38:43.069065Z secure=false xfProto=null xfFor=null
  attr.loginUserId=null
  session.loginUserId=816266e2-eba6-4dab-8a47-0a3475a02572
  cookie.remember.present=true len=43
  authByCookie=816266e2-eba6-4dab-8a47-0a3475a02572

2026-01-25 14:38:43 [http-nio-8080-exec-3] INFO  c.e.S.i.security.RequestDebugFilter - [RID:1b229653] <<< POST /happyshop/transaction/add;jsessionid=5AC1419C0879FF9FAF8539740977E05E status=302 42ms

2026-01-25 14:38:43 [http-nio-8080-exec-2] INFO  c.e.S.i.security.RequestDebugFilter - 
[RID:c15ec5af] >>> GET /happyshop/result?month=2026-01
  time=2026-01-25T06:38:43.118205Z secure=false xfProto=null xfFor=null
  attr.loginUserId=null
  session.loginUserId=816266e2-eba6-4dab-8a47-0a3475a02572
  cookie.remember.present=true len=43
  authByCookie=816266e2-eba6-4dab-8a47-0a3475a02572

2026-01-25 14:38:43 [http-nio-8080-exec-2] INFO  c.e.S.i.security.RequestDebugFilter - [RID:c15ec5af] <<< GET /happyshop/result status=200 14ms

2026-01-25 14:38:43 [http-nio-8080-exec-8] INFO  c.e.S.i.security.RequestDebugFilter - 
[RID:687c5be9] >>> GET /apple-touch-icon-precomposed.png
  time=2026-01-25T06:38:43.438310Z secure=false xfProto=null xfFor=null
  attr.loginUserId=null
  session.loginUserId=null
  cookie.remember.present=false len=null
  authByCookie=null

2026-01-25 14:38:43 [http-nio-8080-exec-10] INFO  c.e.S.i.security.RequestDebugFilter - 
[RID:d7a2e544] >>> GET /apple-touch-icon.png
  time=2026-01-25T06:38:43.438944Z secure=false xfProto=null xfFor=null
  attr.loginUserId=null
  session.loginUserId=null
  cookie.remember.present=false len=null
  authByCookie=null

2026-01-25 14:38:43 [http-nio-8080-exec-9] INFO  c.e.S.i.security.RequestDebugFilter - 
[RID:beaf7e44] >>> GET /favicon.ico
  time=2026-01-25T06:38:43.439468Z secure=false xfProto=null xfFor=null
  attr.loginUserId=null
  session.loginUserId=null
  cookie.remember.present=false len=null
  authByCookie=null

2026-01-25 14:38:43 [http-nio-8080-exec-9] INFO  c.e.S.i.security.RequestDebugFilter - [RID:beaf7e44] <<< GET /favicon.ico status=404 4ms

2026-01-25 14:38:43 [http-nio-8080-exec-10] INFO  c.e.S.i.security.RequestDebugFilter - [RID:d7a2e544] <<< GET /apple-touch-icon.png status=404 4ms

2026-01-25 14:38:43 [http-nio-8080-exec-8] INFO  c.e.S.i.security.RequestDebugFilter - [RID:687c5be9] <<< GET /apple-touch-icon-precomposed.png status=404 4ms

